2025-10-12 04:28:25,504 [INFO] 未指定 --date，使用最近日期 2025-10-10
2025-10-12 04:28:40,898 [INFO] 
2025-10-12 04:28:40,898 [INFO] ============== 选股结果 [少妇战法] ==============
2025-10-12 04:28:40,899 [INFO] 交易日: 2025-10-10
2025-10-12 04:28:40,899 [INFO] 符合条件股票数: 103
2025-10-12 04:28:40,899 [INFO] 002088, 603087, 002281, 603496, 603297, 603486, 603127, 601598, 603013, 002277, 603275, 002429, 603920, 603328, 920640, 002897, 002617, 002674, 002739, 002262, 600400, 601888, 002544, 002965, 002472, 002456, 001208, 002126, 002955, 600835, 603186, 002906, 601777, 002245, 603583, 001330, 603298, 603667, 600673, 603031, 603305, 000700, 002902, 002517, 603429, 603662, 000799, 002210, 002706, 002475, 000727, 605068, 603009, 002624, 001389, 002384, 603595, 603091, 002559, 002558, 603266, 001267, 600933, 603088, 002008, 600761, 920808, 605028, 603319, 600552, 603686, 600330, 002138, 002664, 601717, 603380, 603203, 002527, 600745, 002020, 603881, 002335, 600056, 003043, 603565, 603633, 002555, 603197, 002463, 002436, 002059, 603025, 002745, 601208, 600498, 002690, 603618, 003021, 601989, 600233, 603196, 603368, 001306
2025-10-12 04:31:03,363 [INFO] 
2025-10-12 04:31:03,364 [INFO] ============== 选股结果 [SuperB1战法] ==============
2025-10-12 04:31:03,364 [INFO] 交易日: 2025-10-10
2025-10-12 04:31:03,364 [INFO] 符合条件股票数: 15
2025-10-12 04:31:03,364 [INFO] 600525, 603127, 002617, 002681, 002642, 603667, 000700, 000727, 002815, 603633, 003019, 002436, 601208, 002979, 003021
2025-10-12 04:31:18,892 [INFO] 
2025-10-12 04:31:18,892 [INFO] ============== 选股结果 [补票战法] ==============
2025-10-12 04:31:18,892 [INFO] 交易日: 2025-10-10
2025-10-12 04:31:18,893 [INFO] 符合条件股票数: 0
2025-10-12 04:31:18,893 [INFO] 无符合条件股票
2025-10-12 04:31:25,497 [INFO] 
2025-10-12 04:31:25,497 [INFO] ============== 选股结果 [TePu战法] ==============
2025-10-12 04:31:25,497 [INFO] 交易日: 2025-10-10
2025-10-12 04:31:25,497 [INFO] 符合条件股票数: 3
2025-10-12 04:31:25,497 [INFO] 002245, 600745, 002065
2025-10-12 04:31:32,569 [INFO] 
2025-10-12 04:31:32,570 [INFO] ============== 选股结果 [填坑战法] ==============
2025-10-12 04:31:32,570 [INFO] 交易日: 2025-10-10
2025-10-12 04:31:32,570 [INFO] 符合条件股票数: 5
2025-10-12 04:31:32,570 [INFO] 000010, 002627, 001330, 002364, 603196
